This is pdfTeX, Version 3.14159265-2.6-1.40.21 (TeX Live 2020/Debian) (preloaded format=pdflatex 2020.6.16)  25 JUN 2020 13:56
entering extended mode
 restricted \write18 enabled.
 file:line:error style messages enabled.
 %&-line parsing enabled.
**thesis.tex
(./thesis.tex
LaTeX2e <2020-02-02> patch level 5
L3 programming layer <2020-05-15> (/usr/share/texlive/texmf-dist/tex/latex/extsizes/extarticle.cls
Document Class: extarticle 1996/10/08 v1.0 Non Standard LaTeX document class
(/usr/share/texlive/texmf-dist/tex/latex/extsizes/size14.clo
File: size14.clo 1999/11/11 v1.4a NON-Standard LaTeX file (size option)
) (/usr/share/texlive/texmf-dist/tex/latex/base/exscale.sty
Package: exscale 2018/09/24 v2.1i Standard LaTeX package exscale
LaTeX Font Info:    Redeclaring symbol font `largesymbols' on input line 57.
LaTeX Font Info:    Overwriting symbol font `largesymbols' in version `normal'
(Font)                  OMX/cmex/m/n --> OMX/cmex/m/n on input line 57.
LaTeX Font Info:    Overwriting symbol font `largesymbols' in version `bold'
(Font)                  OMX/cmex/m/n --> OMX/cmex/m/n on input line 57.
\big@size=\dimen134
)
\c@part=\count167
\c@section=\count168
\c@subsection=\count169
\c@subsubsection=\count170
\c@paragraph=\count171
\c@subparagraph=\count172
\c@figure=\count173
\c@table=\count174
\abovecaptionskip=\skip47
\belowcaptionskip=\skip48
\bibindent=\dimen135
) (/usr/share/texlive/texmf-dist/tex/latex/base/inputenc.sty
Package: inputenc 2018/08/11 v1.3c Input encoding file
\inpenc@prehook=\toks15
\inpenc@posthook=\toks16
) (/usr/share/texlive/texmf-dist/tex/latex/amsmath/amsmath.sty
Package: amsmath 2020/01/20 v2.17e AMS math features
\@mathmargin=\skip49

For additional information on amsmath, use the `?' option.
(/usr/share/texlive/texmf-dist/tex/latex/amsmath/amstext.sty
Package: amstext 2000/06/29 v2.01 AMS text
 (/usr/share/texlive/texmf-dist/tex/latex/amsmath/amsgen.sty
File: amsgen.sty 1999/11/30 v2.0 generic functions
\@emptytoks=\toks17
\ex@=\dimen136
)) (/usr/share/texlive/texmf-dist/tex/latex/amsmath/amsbsy.sty
Package: amsbsy 1999/11/29 v1.2d Bold Symbols
\pmbraise@=\dimen137
) (/usr/share/texlive/texmf-dist/tex/latex/amsmath/amsopn.sty
Package: amsopn 2016/03/08 v2.02 operator names
)
\inf@bad=\count175
LaTeX Info: Redefining \frac on input line 227.
\uproot@=\count176
\leftroot@=\count177
LaTeX Info: Redefining \overline on input line 389.
\classnum@=\count178
\DOTSCASE@=\count179
LaTeX Info: Redefining \ldots on input line 486.
LaTeX Info: Redefining \dots on input line 489.
LaTeX Info: Redefining \cdots on input line 610.
\Mathstrutbox@=\box45
\strutbox@=\box46
\big@size=\dimen138
LaTeX Font Info:    Redeclaring font encoding OML on input line 733.
LaTeX Font Info:    Redeclaring font encoding OMS on input line 734.
\macc@depth=\count180
\c@MaxMatrixCols=\count181
\dotsspace@=\muskip16
\c@parentequation=\count182
\dspbrk@lvl=\count183
\tag@help=\toks18
\row@=\count184
\column@=\count185
\maxfields@=\count186
\andhelp@=\toks19
\eqnshift@=\dimen139
\alignsep@=\dimen140
\tagshift@=\dimen141
\tagwidth@=\dimen142
\totwidth@=\dimen143
\lineht@=\dimen144
\@envbody=\toks20
\multlinegap=\skip50
\multlinetaggap=\skip51
\mathdisplay@stack=\toks21
LaTeX Info: Redefining \[ on input line 2859.
LaTeX Info: Redefining \] on input line 2860.
) (/usr/share/texlive/texmf-dist/tex/latex/amsfonts/amsfonts.sty
Package: amsfonts 2013/01/14 v3.01 Basic AMSFonts support
\symAMSa=\mathgroup4
\symAMSb=\mathgroup5
LaTeX Font Info:    Redeclaring math symbol \hbar on input line 98.
LaTeX Font Info:    Overwriting math alphabet `\mathfrak' in version `bold'
(Font)                  U/euf/m/n --> U/euf/b/n on input line 106.
) (/usr/share/texlive/texmf-dist/tex/latex/amsfonts/amssymb.sty
Package: amssymb 2013/01/14 v3.01 AMS font symbols
) (/usr/share/texlive/texmf-dist/tex/latex/graphics/graphicx.sty
Package: graphicx 2019/11/30 v1.2a Enhanced LaTeX Graphics (DPC,SPQR)
 (/usr/share/texlive/texmf-dist/tex/latex/graphics/keyval.sty
Package: keyval 2014/10/28 v1.15 key=value parser (DPC)
\KV@toks@=\toks22
) (/usr/share/texlive/texmf-dist/tex/latex/graphics/graphics.sty
Package: graphics 2019/11/30 v1.4a Standard LaTeX Graphics (DPC,SPQR)
 (/usr/share/texlive/texmf-dist/tex/latex/graphics/trig.sty
Package: trig 2016/01/03 v1.10 sin cos tan (DPC)
) (/usr/share/texlive/texmf-dist/tex/latex/graphics-cfg/graphics.cfg
File: graphics.cfg 2016/06/04 v1.11 sample graphics configuration
)
Package graphics Info: Driver file: pdftex.def on input line 105.
 (/usr/share/texlive/texmf-dist/tex/latex/graphics-def/pdftex.def
File: pdftex.def 2018/01/08 v1.0l Graphics/color driver for pdftex
))
\Gin@req@height=\dimen145
\Gin@req@width=\dimen146
) (/usr/share/texlive/texmf-dist/tex/latex/natbib/natbib.sty
Package: natbib 2010/09/13 8.31b (PWD, AO)
\bibhang=\skip52
\bibsep=\skip53
LaTeX Info: Redefining \cite on input line 694.
\c@NAT@ctr=\count187
) (/usr/share/texlive/texmf-dist/tex/latex/multirow/multirow.sty
Package: multirow 2019/05/31 v2.5 Span multiple rows of a table
\multirow@colwidth=\skip54
\multirow@cntb=\count188
\multirow@dima=\skip55
\bigstrutjot=\dimen147
) (/usr/share/texlive/texmf-dist/tex/latex/pdflscape/pdflscape.sty
Package: pdflscape 2019/12/05 v0.12 Display of landscape pages in PDF (HO)

(/usr/share/texlive/texmf-dist/tex/generic/iftex/iftex.sty
Package: iftex 2020/03/06 v1.0d TeX engine tests
) (/usr/share/texlive/texmf-dist/tex/latex/graphics/lscape.sty
Package: lscape 2000/10/22 v3.01 Landscape Pages (DPC)
)
Package pdflscape Info: Auto-detected driver: pdftex on input line 81.
) (/usr/share/texlive/texmf-dist/tex/latex/l3backend/l3backend-pdfmode.def
File: l3backend-pdfmode.def 2020-05-05 L3 backend support: PDF mode
\l__kernel_color_stack_int=\count189
\l__pdf_internal_box=\box47
) (./thesis.aux

LaTeX Warning: Label `' multiply defined.


LaTeX Warning: Label `' multiply defined.


LaTeX Warning: Label `' multiply defined.


LaTeX Warning: Label `' multiply defined.


LaTeX Warning: Label `' multiply defined.


LaTeX Warning: Label `' multiply defined.


LaTeX Warning: Label `' multiply defined.


LaTeX Warning: Label `' multiply defined.


LaTeX Warning: Label `' multiply defined.


LaTeX Warning: Label `' multiply defined.


LaTeX Warning: Label `' multiply defined.


LaTeX Warning: Label `' multiply defined.


LaTeX Warning: Label `' multiply defined.


LaTeX Warning: Label `' multiply defined.


LaTeX Warning: Label `' multiply defined.


LaTeX Warning: Label `' multiply defined.


LaTeX Warning: Label `' multiply defined.


LaTeX Warning: Label `' multiply defined.

)
\openout1 = `thesis.aux'.

LaTeX Font Info:    Checking defaults for OML/cmm/m/it on input line 19.
LaTeX Font Info:    ... okay on input line 19.
LaTeX Font Info:    Checking defaults for OMS/cmsy/m/n on input line 19.
LaTeX Font Info:    ... okay on input line 19.
LaTeX Font Info:    Checking defaults for OT1/cmr/m/n on input line 19.
LaTeX Font Info:    ... okay on input line 19.
LaTeX Font Info:    Checking defaults for T1/cmr/m/n on input line 19.
LaTeX Font Info:    ... okay on input line 19.
LaTeX Font Info:    Checking defaults for TS1/cmr/m/n on input line 19.
LaTeX Font Info:    ... okay on input line 19.
LaTeX Font Info:    Checking defaults for OMX/cmex/m/n on input line 19.
LaTeX Font Info:    ... okay on input line 19.
LaTeX Font Info:    Checking defaults for U/cmr/m/n on input line 19.
LaTeX Font Info:    ... okay on input line 19.
 (/usr/share/texlive/texmf-dist/tex/context/base/mkii/supp-pdf.mkii
[Loading MPS to PDF converter (version 2006.09.02).]
\scratchcounter=\count190
\scratchdimen=\dimen148
\scratchbox=\box48
\nofMPsegments=\count191
\nofMParguments=\count192
\everyMPshowfont=\toks23
\MPscratchCnt=\count193
\MPscratchDim=\dimen149
\MPnumerator=\count194
\makeMPintoPDFobject=\count195
\everyMPtoPDFconversion=\toks24
) (/usr/share/texlive/texmf-dist/tex/latex/epstopdf-pkg/epstopdf-base.sty
Package: epstopdf-base 2020-01-24 v2.11 Base part for package epstopdf
Package epstopdf-base Info: Redefining graphics rule for `.eps' on input line 485.
 (/usr/share/texlive/texmf-dist/tex/latex/latexconfig/epstopdf-sys.cfg
File: epstopdf-sys.cfg 2010/07/13 v1.3 Configuration of (r)epstopdf for TeX Live
))
LaTeX Font Info:    Trying to load font information for U+msa on input line 21.
 (/usr/share/texlive/texmf-dist/tex/latex/amsfonts/umsa.fd
File: umsa.fd 2013/01/14 v3.01 AMS symbols A
)
LaTeX Font Info:    Trying to load font information for U+msb on input line 21.
 (/usr/share/texlive/texmf-dist/tex/latex/amsfonts/umsb.fd
File: umsb.fd 2013/01/14 v3.01 AMS symbols B
) [1

{/var/lib/texmf/fonts/map/pdftex/updmap/pdftex.map}] (./thesis.toc [2

])
\tf@toc=\write3
\openout3 = `thesis.toc'.

 [3] (./thesis.lof [4

] [5])
\tf@lof=\write4
\openout4 = `thesis.lof'.

 [6] (./thesis.lot)
\tf@lot=\write5
\openout5 = `thesis.lot'.

 [7

] [8

] [9

]
<./images/NP_structure.png, id=34, 881.2925pt x 685.56125pt>
File: ./images/NP_structure.png Graphic file (type png)
<use ./images/NP_structure.png>
Package pdftex.def Info: ./images/NP_structure.png  used on input line 59.
(pdftex.def)             Requested size: 352.51076pt x 274.21964pt.
 [10] [11 <./images/NP_structure.png (PNG copy)>] [12]
<./images/NP_causes.png, id=44, 1085.05376pt x 674.52pt>
File: ./images/NP_causes.png Graphic file (type png)
<use ./images/NP_causes.png>
Package pdftex.def Info: ./images/NP_causes.png  used on input line 94.
(pdftex.def)             Requested size: 325.51863pt x 202.35756pt.
 [13 <./images/NP_causes.png>]
Overfull \hbox (12.0245pt too wide) in paragraph at lines 140--141
\OT1/cmr/m/n/14.4 has a sig-nif-i-cantly longer half-life of around 20 min in hu-mans [Mukoyama
 []

[14] [15]
<./images/NP_receptors.jpg, id=59, 308.352pt x 222.1098pt>
File: ./images/NP_receptors.jpg Graphic file (type jpg)
<use ./images/NP_receptors.jpg>
Package pdftex.def Info: ./images/NP_receptors.jpg  used on input line 164.
(pdftex.def)             Requested size: 308.35124pt x 222.10925pt.
 [16]
Overfull \hbox (1.54169pt too wide) in paragraph at lines 179--180
[]\OT1/cmr/m/n/14.4 NPR-A and/or its mRNA is ex-pressed in kid-ney, lung, adi-pose, adrenal,
 []

[17 <./images/NP_receptors.jpg>] [18] [19] [20] [21] [22] [23]
Overfull \hbox (1.13626pt too wide) in paragraph at lines 240--241
[]\OT1/cmr/m/n/14.4 Meanwhile, oth-ers ac-knowl-edged the re-nal hy-pore-spon-sive-ness to anari-
 []

[24] [25]
Overfull \hbox (14.22272pt too wide) in paragraph at lines 250--252
\OT1/cmr/m/n/14.4 con-ges-tive heart fail-ure was ex-am-ined in a mul-ti-cen-ter, placebo-controlled
 []

[26] [27] [28]
<./images/BNP_secretion.png, id=102, 951.555pt x 590.205pt>
File: ./images/BNP_secretion.png Graphic file (type png)
<use ./images/BNP_secretion.png>
Package pdftex.def Info: ./images/BNP_secretion.png  used on input line 269.
(pdftex.def)             Requested size: 380.61525pt x 236.0778pt.
 [29 <./images/BNP_secretion.png (PNG copy)>]

Package natbib Warning: Citation `Heerdink1995' on page 30 undefined on input line 286.

[30]
<./images/BNP_ER.png, id=109, 912.40875pt x 687.56876pt>
File: ./images/BNP_ER.png Graphic file (type png)
<use ./images/BNP_ER.png>
Package pdftex.def Info: ./images/BNP_ER.png  used on input line 290.
(pdftex.def)             Requested size: 364.95703pt x 275.02263pt.
<./images/NTBNP_ER.png, id=110, 874.26625pt x 701.62125pt>
File: ./images/NTBNP_ER.png Graphic file (type png)
<use ./images/NTBNP_ER.png>
Package pdftex.def Info: ./images/NTBNP_ER.png  used on input line 297.
(pdftex.def)             Requested size: 349.7003pt x 280.64352pt.
 [31 <./images/BNP_ER.png (PNG copy)>] [32 <./images/NTBNP_ER.png (PNG copy)>]
Overfull \hbox (0.66763pt too wide) in paragraph at lines 314--314
[]\OT1/cmr/bx/n/14.4 Variables in-flu-enc-ing BNP and NT-proBNP lev-els: po-
 []

[33]

Package natbib Warning: Citation `7' on page 34 undefined on input line 326.

[34] [35] [36

]
Overfull \hbox (2.0713pt too wide) in paragraph at lines 365--366
[]\OT1/cmr/m/n/14.4 Elevated tropo-ponin 10x99th per-centile URL
 []

[37] [38]

LaTeX Warning: No positions in optional float specifier.
               Default added (so using `tbp') on input line 392.


LaTeX Warning: No positions in optional float specifier.
               Default added (so using `tbp') on input line 410.

[39

] [40]

LaTeX Warning: No positions in optional float specifier.
               Default added (so using `tbp') on input line 436.


Overfull \hbox (13.21881pt too wide) in paragraph at lines 440--458
 [][] 
 []

[41]

LaTeX Warning: No positions in optional float specifier.
               Default added (so using `tbp') on input line 461.

[42]
<./images/cont_ntprobnp.png, id=151, 630.355pt x 504.88625pt>
File: ./images/cont_ntprobnp.png Graphic file (type png)
<use ./images/cont_ntprobnp.png>
Package pdftex.def Info: ./images/cont_ntprobnp.png  used on input line 490.
(pdftex.def)             Requested size: 441.24548pt x 353.41795pt.

Overfull \hbox (11.24548pt too wide) in paragraph at lines 490--491
 [][] 
 []

[43 <./images/cont_ntprobnp.png>]
<./images/roc_low_co.png, id=157, 627.34375pt x 501.875pt>
File: ./images/roc_low_co.png Graphic file (type png)
<use ./images/roc_low_co.png>
Package pdftex.def Info: ./images/roc_low_co.png  used on input line 498.
(pdftex.def)             Requested size: 439.13762pt x 351.31009pt.

Overfull \hbox (9.13762pt too wide) in paragraph at lines 498--499
 [][] 
 []

[44 <./images/roc_low_co.png>]
<./images/cat_low_co.png, id=162, 630.355pt x 504.88625pt>
File: ./images/cat_low_co.png Graphic file (type png)
<use ./images/cat_low_co.png>
Package pdftex.def Info: ./images/cat_low_co.png  used on input line 506.
(pdftex.def)             Requested size: 441.24548pt x 353.41795pt.

Overfull \hbox (11.24548pt too wide) in paragraph at lines 506--507
 [][] 
 []

[45 <./images/cat_low_co.png>]
<./images/manwhit_low_co.png, id=167, 630.355pt x 504.88625pt>
File: ./images/manwhit_low_co.png Graphic file (type png)
<use ./images/manwhit_low_co.png>
Package pdftex.def Info: ./images/manwhit_low_co.png  used on input line 514.
(pdftex.def)             Requested size: 441.24548pt x 353.41795pt.

Overfull \hbox (11.24548pt too wide) in paragraph at lines 514--515
 [][] 
 []

[46 <./images/manwhit_low_co.png>]
<./images/roc_arrhythmia.png, id=172, 627.34375pt x 501.875pt>
File: ./images/roc_arrhythmia.png Graphic file (type png)
<use ./images/roc_arrhythmia.png>
Package pdftex.def Info: ./images/roc_arrhythmia.png  used on input line 522.
(pdftex.def)             Requested size: 439.13762pt x 351.31009pt.

Overfull \hbox (9.13762pt too wide) in paragraph at lines 522--523
 [][] 
 []

[47 <./images/roc_arrhythmia.png>]
<./images/cat_arrhythmia.png, id=177, 630.355pt x 504.88625pt>
File: ./images/cat_arrhythmia.png Graphic file (type png)
<use ./images/cat_arrhythmia.png>
Package pdftex.def Info: ./images/cat_arrhythmia.png  used on input line 530.
(pdftex.def)             Requested size: 441.24548pt x 353.41795pt.

Overfull \hbox (11.24548pt too wide) in paragraph at lines 530--531
 [][] 
 []

[48 <./images/cat_arrhythmia.png>]
<./images/manwhit_arrhythmia.png, id=182, 630.355pt x 504.88625pt>
File: ./images/manwhit_arrhythmia.png Graphic file (type png)
<use ./images/manwhit_arrhythmia.png>
Package pdftex.def Info: ./images/manwhit_arrhythmia.png  used on input line 538.
(pdftex.def)             Requested size: 441.24548pt x 353.41795pt.

Overfull \hbox (11.24548pt too wide) in paragraph at lines 538--539
 [][] 
 []

[49 <./images/manwhit_arrhythmia.png>]
<./images/roc_vent.png, id=188, 627.34375pt x 501.875pt>
File: ./images/roc_vent.png Graphic file (type png)
<use ./images/roc_vent.png>
Package pdftex.def Info: ./images/roc_vent.png  used on input line 546.
(pdftex.def)             Requested size: 439.13762pt x 351.31009pt.

Overfull \hbox (9.13762pt too wide) in paragraph at lines 546--547
 [][] 
 []

[50 <./images/roc_vent.png>]
<./images/cat_vent.png, id=194, 630.355pt x 504.88625pt>
File: ./images/cat_vent.png Graphic file (type png)
<use ./images/cat_vent.png>
Package pdftex.def Info: ./images/cat_vent.png  used on input line 554.
(pdftex.def)             Requested size: 441.24548pt x 353.41795pt.

Overfull \hbox (11.24548pt too wide) in paragraph at lines 554--555
 [][] 
 []

[51 <./images/cat_vent.png>]
<./images/manwhit_vent.png, id=199, 630.355pt x 504.88625pt>
File: ./images/manwhit_vent.png Graphic file (type png)
<use ./images/manwhit_vent.png>
Package pdftex.def Info: ./images/manwhit_vent.png  used on input line 562.
(pdftex.def)             Requested size: 441.24548pt x 353.41795pt.

Overfull \hbox (11.24548pt too wide) in paragraph at lines 562--563
 [][] 
 []

[52 <./images/manwhit_vent.png>]
<./images/roc_recovery.png, id=204, 627.34375pt x 501.875pt>
File: ./images/roc_recovery.png Graphic file (type png)
<use ./images/roc_recovery.png>
Package pdftex.def Info: ./images/roc_recovery.png  used on input line 570.
(pdftex.def)             Requested size: 439.13762pt x 351.31009pt.

Overfull \hbox (9.13762pt too wide) in paragraph at lines 570--571
 [][] 
 []

[53 <./images/roc_recovery.png>]
<./images/cat_recovery.png, id=209, 630.355pt x 504.88625pt>
File: ./images/cat_recovery.png Graphic file (type png)
<use ./images/cat_recovery.png>
Package pdftex.def Info: ./images/cat_recovery.png  used on input line 578.
(pdftex.def)             Requested size: 441.24548pt x 353.41795pt.

Overfull \hbox (11.24548pt too wide) in paragraph at lines 578--579
 [][] 
 []

[54 <./images/cat_recovery.png>]
<./images/manwhit_recovery.png, id=214, 630.355pt x 504.88625pt>
File: ./images/manwhit_recovery.png Graphic file (type png)
<use ./images/manwhit_recovery.png>
Package pdftex.def Info: ./images/manwhit_recovery.png  used on input line 586.
(pdftex.def)             Requested size: 441.24548pt x 353.41795pt.

Overfull \hbox (11.24548pt too wide) in paragraph at lines 586--587
 [][] 
 []

[55 <./images/manwhit_recovery.png>]
<./images/roc_mi.png, id=220, 627.34375pt x 501.875pt>
File: ./images/roc_mi.png Graphic file (type png)
<use ./images/roc_mi.png>
Package pdftex.def Info: ./images/roc_mi.png  used on input line 594.
(pdftex.def)             Requested size: 439.13762pt x 351.31009pt.

Overfull \hbox (9.13762pt too wide) in paragraph at lines 594--595
 [][] 
 []

[56 <./images/roc_mi.png>]
<./images/cat_mi.png, id=225, 630.355pt x 504.88625pt>
File: ./images/cat_mi.png Graphic file (type png)
<use ./images/cat_mi.png>
Package pdftex.def Info: ./images/cat_mi.png  used on input line 602.
(pdftex.def)             Requested size: 441.24548pt x 353.41795pt.

Overfull \hbox (11.24548pt too wide) in paragraph at lines 602--603
 [][] 
 []

[57 <./images/cat_mi.png>]
<./images/manwhit_mi.png, id=230, 630.355pt x 504.88625pt>
File: ./images/manwhit_mi.png Graphic file (type png)
<use ./images/manwhit_mi.png>
Package pdftex.def Info: ./images/manwhit_mi.png  used on input line 610.
(pdftex.def)             Requested size: 441.24548pt x 353.41795pt.

Overfull \hbox (11.24548pt too wide) in paragraph at lines 610--611
 [][] 
 []

[58 <./images/manwhit_mi.png>]
<./images/roc_mort.png, id=235, 627.34375pt x 501.875pt>
File: ./images/roc_mort.png Graphic file (type png)
<use ./images/roc_mort.png>
Package pdftex.def Info: ./images/roc_mort.png  used on input line 618.
(pdftex.def)             Requested size: 439.13762pt x 351.31009pt.

Overfull \hbox (9.13762pt too wide) in paragraph at lines 618--619
 [][] 
 []

[59 <./images/roc_mort.png>]
<./images/cat_mort.png, id=240, 630.355pt x 504.88625pt>
File: ./images/cat_mort.png Graphic file (type png)
<use ./images/cat_mort.png>
Package pdftex.def Info: ./images/cat_mort.png  used on input line 626.
(pdftex.def)             Requested size: 441.24548pt x 353.41795pt.

Overfull \hbox (11.24548pt too wide) in paragraph at lines 626--627
 [][] 
 []

[60 <./images/cat_mort.png>]
<./images/manwhit_mort.png, id=245, 630.355pt x 504.88625pt>
File: ./images/manwhit_mort.png Graphic file (type png)
<use ./images/manwhit_mort.png>
Package pdftex.def Info: ./images/manwhit_mort.png  used on input line 634.
(pdftex.def)             Requested size: 441.24548pt x 353.41795pt.

Overfull \hbox (11.24548pt too wide) in paragraph at lines 634--635
 [][] 
 []

[61 <./images/manwhit_mort.png>] [62






















] [63]
Overfull \hbox (97.13545pt too wide) in paragraph at lines 725--747
 [][] 
 []

[64] [65] [66






] [67] (./thesis.bbl [68] [69] [70] [71] [72] [73] [74]
Underfull \hbox (badness 1173) in paragraph at lines 418--424
\OT1/cmr/m/n/14.4 independent car-diac hy-per-tro-phy in mice with cardiomyocyte-
 []

[75] [76] [77] [78]
Underfull \hbox (badness 1248) in paragraph at lines 643--649
[]\OT1/cmr/m/n/14.4 TH Lan-genickel, J Buttgereit, I Pagel-Langenickel, M Lind-ner,
 []

[79] [80] [81]
Underfull \hbox (badness 1859) in paragraph at lines 804--809
[]\OT1/cmr/m/n/14.4 P Mof-fatt, G Thomas, K Sellin, MC Bes-sette, F Lafre-niere,
 []

[82] [83] [84] [85] [86] [87] [88] [89] [90] [91])

Package natbib Warning: There were undefined citations.

[92] (./thesis.aux)

LaTeX Warning: There were multiply-defined labels.

 ) 
Here is how much of TeX's memory you used:
 3570 strings out of 482424
 52924 string characters out of 5948189
 298856 words of memory out of 5000000
 19279 multiletter control sequences out of 15000+600000
 543980 words of font info for 69 fonts, out of 8000000 for 9000
 14 hyphenation exceptions out of 8191
 30i,15n,27p,1297b,569s stack positions out of 5000i,500n,10000p,200000b,80000s
 </home/ibrahim/.texlive2020/texmf-var/fonts/pk/ljfour/jknappen/ec/tcrm1440.600pk></usr/share/texlive/texmf-dist/fonts/type1/public/amsfonts/cm/cmbx12.pfb></usr/share/texlive/texmf-dist/fonts/type1/public/amsfonts/cm/cmmi12.pfb></usr/share/texlive/texmf-dist/fonts/type1/public/amsfonts/cm/cmmi6.pfb></usr/share/texlive/texmf-dist/fonts/type1/public/amsfonts/cm/cmr10.pfb></usr/share/texlive/texmf-dist/fonts/type1/public/amsfonts/cm/cmr12.pfb></usr/share/texlive/texmf-dist/fonts/type1/public/amsfonts/cm/cmr17.pfb></usr/share/texlive/texmf-dist/fonts/type1/public/amsfonts/cm/cmr5.pfb></usr/share/texlive/texmf-dist/fonts/type1/public/amsfonts/cm/cmr6.pfb></usr/share/texlive/texmf-dist/fonts/type1/public/amsfonts/cm/cmr7.pfb></usr/share/texlive/texmf-dist/fonts/type1/public/amsfonts/cm/cmsy10.pfb></usr/share/texlive/texmf-dist/fonts/type1/public/amsfonts/cm/cmsy6.pfb></usr/share/texlive/texmf-dist/fonts/type1/public/amsfonts/cm/cmti12.pfb>
Output written on thesis.pdf (92 pages, 1288715 bytes).
PDF statistics:
 401 PDF objects out of 1000 (max. 8388607)
 246 compressed objects within 3 object streams
 0 named destinations out of 1000 (max. 500000)
 126 words of extra memory for PDF output out of 10000 (max. 10000000)

