This is pdfTeX, Version 3.14159265-2.6-1.40.21 (TeX Live 2020/Debian) (preloaded format=pdflatex 2020.7.19)  25 JUL 2020 11:08
entering extended mode
 restricted \write18 enabled.
 file:line:error style messages enabled.
 %&-line parsing enabled.
**comp_lit.tex
(./comp_lit.tex
LaTeX2e <2020-02-02> patch level 5
L3 programming layer <2020-06-18> (/usr/share/texlive/texmf-dist/tex/latex/extsizes/extarticle.cls
Document Class: extarticle 1996/10/08 v1.0 Non Standard LaTeX document class
(/usr/share/texlive/texmf-dist/tex/latex/extsizes/size14.clo
File: size14.clo 1999/11/11 v1.4a NON-Standard LaTeX file (size option)
) (/usr/share/texlive/texmf-dist/tex/latex/base/exscale.sty
Package: exscale 2018/09/24 v2.1i Standard LaTeX package exscale
LaTeX Font Info:    Redeclaring symbol font `largesymbols' on input line 57.
LaTeX Font Info:    Overwriting symbol font `largesymbols' in version `normal'
(Font)                  OMX/cmex/m/n --> OMX/cmex/m/n on input line 57.
LaTeX Font Info:    Overwriting symbol font `largesymbols' in version `bold'
(Font)                  OMX/cmex/m/n --> OMX/cmex/m/n on input line 57.
\big@size=\dimen134
)
\c@part=\count167
\c@section=\count168
\c@subsection=\count169
\c@subsubsection=\count170
\c@paragraph=\count171
\c@subparagraph=\count172
\c@figure=\count173
\c@table=\count174
\abovecaptionskip=\skip47
\belowcaptionskip=\skip48
\bibindent=\dimen135
) (/usr/share/texlive/texmf-dist/tex/latex/base/inputenc.sty
Package: inputenc 2018/08/11 v1.3c Input encoding file
\inpenc@prehook=\toks15
\inpenc@posthook=\toks16
) (/usr/share/texlive/texmf-dist/tex/latex/amsmath/amsmath.sty
Package: amsmath 2020/01/20 v2.17e AMS math features
\@mathmargin=\skip49

For additional information on amsmath, use the `?' option.
(/usr/share/texlive/texmf-dist/tex/latex/amsmath/amstext.sty
Package: amstext 2000/06/29 v2.01 AMS text
 (/usr/share/texlive/texmf-dist/tex/latex/amsmath/amsgen.sty
File: amsgen.sty 1999/11/30 v2.0 generic functions
\@emptytoks=\toks17
\ex@=\dimen136
)) (/usr/share/texlive/texmf-dist/tex/latex/amsmath/amsbsy.sty
Package: amsbsy 1999/11/29 v1.2d Bold Symbols
\pmbraise@=\dimen137
) (/usr/share/texlive/texmf-dist/tex/latex/amsmath/amsopn.sty
Package: amsopn 2016/03/08 v2.02 operator names
)
\inf@bad=\count175
LaTeX Info: Redefining \frac on input line 227.
\uproot@=\count176
\leftroot@=\count177
LaTeX Info: Redefining \overline on input line 389.
\classnum@=\count178
\DOTSCASE@=\count179
LaTeX Info: Redefining \ldots on input line 486.
LaTeX Info: Redefining \dots on input line 489.
LaTeX Info: Redefining \cdots on input line 610.
\Mathstrutbox@=\box45
\strutbox@=\box46
\big@size=\dimen138
LaTeX Font Info:    Redeclaring font encoding OML on input line 733.
LaTeX Font Info:    Redeclaring font encoding OMS on input line 734.
\macc@depth=\count180
\c@MaxMatrixCols=\count181
\dotsspace@=\muskip16
\c@parentequation=\count182
\dspbrk@lvl=\count183
\tag@help=\toks18
\row@=\count184
\column@=\count185
\maxfields@=\count186
\andhelp@=\toks19
\eqnshift@=\dimen139
\alignsep@=\dimen140
\tagshift@=\dimen141
\tagwidth@=\dimen142
\totwidth@=\dimen143
\lineht@=\dimen144
\@envbody=\toks20
\multlinegap=\skip50
\multlinetaggap=\skip51
\mathdisplay@stack=\toks21
LaTeX Info: Redefining \[ on input line 2859.
LaTeX Info: Redefining \] on input line 2860.
) (/usr/share/texlive/texmf-dist/tex/latex/amsfonts/amsfonts.sty
Package: amsfonts 2013/01/14 v3.01 Basic AMSFonts support
\symAMSa=\mathgroup4
\symAMSb=\mathgroup5
LaTeX Font Info:    Redeclaring math symbol \hbar on input line 98.
LaTeX Font Info:    Overwriting math alphabet `\mathfrak' in version `bold'
(Font)                  U/euf/m/n --> U/euf/b/n on input line 106.
) (/usr/share/texlive/texmf-dist/tex/latex/amsfonts/amssymb.sty
Package: amssymb 2013/01/14 v3.01 AMS font symbols
) (/usr/share/texlive/texmf-dist/tex/latex/graphics/graphicx.sty
Package: graphicx 2019/11/30 v1.2a Enhanced LaTeX Graphics (DPC,SPQR)
 (/usr/share/texlive/texmf-dist/tex/latex/graphics/keyval.sty
Package: keyval 2014/10/28 v1.15 key=value parser (DPC)
\KV@toks@=\toks22
) (/usr/share/texlive/texmf-dist/tex/latex/graphics/graphics.sty
Package: graphics 2019/11/30 v1.4a Standard LaTeX Graphics (DPC,SPQR)
 (/usr/share/texlive/texmf-dist/tex/latex/graphics/trig.sty
Package: trig 2016/01/03 v1.10 sin cos tan (DPC)
) (/usr/share/texlive/texmf-dist/tex/latex/graphics-cfg/graphics.cfg
File: graphics.cfg 2016/06/04 v1.11 sample graphics configuration
)
Package graphics Info: Driver file: pdftex.def on input line 105.
 (/usr/share/texlive/texmf-dist/tex/latex/graphics-def/pdftex.def
File: pdftex.def 2018/01/08 v1.0l Graphics/color driver for pdftex
))
\Gin@req@height=\dimen145
\Gin@req@width=\dimen146
) (/usr/share/texlive/texmf-dist/tex/latex/natbib/natbib.sty
Package: natbib 2010/09/13 8.31b (PWD, AO)
\bibhang=\skip52
\bibsep=\skip53
LaTeX Info: Redefining \cite on input line 694.
\c@NAT@ctr=\count187
) (/usr/share/texlive/texmf-dist/tex/latex/multirow/multirow.sty
Package: multirow 2019/05/31 v2.5 Span multiple rows of a table
\multirow@colwidth=\skip54
\multirow@cntb=\count188
\multirow@dima=\skip55
\bigstrutjot=\dimen147
) (/usr/share/texlive/texmf-dist/tex/latex/pdflscape/pdflscape.sty
Package: pdflscape 2019/12/05 v0.12 Display of landscape pages in PDF (HO)

(/usr/share/texlive/texmf-dist/tex/generic/iftex/iftex.sty
Package: iftex 2020/03/06 v1.0d TeX engine tests
) (/usr/share/texlive/texmf-dist/tex/latex/graphics/lscape.sty
Package: lscape 2000/10/22 v3.01 Landscape Pages (DPC)
)
Package pdflscape Info: Auto-detected driver: pdftex on input line 81.
) (/usr/share/texlive/texmf-dist/tex/latex/l3backend/l3backend-pdfmode.def
File: l3backend-pdfmode.def 2020-06-23 L3 backend support: PDF mode
\l__kernel_color_stack_int=\count189
\l__pdf_internal_box=\box47
) (./comp_lit.aux)
\openout1 = `comp_lit.aux'.

LaTeX Font Info:    Checking defaults for OML/cmm/m/it on input line 19.
LaTeX Font Info:    ... okay on input line 19.
LaTeX Font Info:    Checking defaults for OMS/cmsy/m/n on input line 19.
LaTeX Font Info:    ... okay on input line 19.
LaTeX Font Info:    Checking defaults for OT1/cmr/m/n on input line 19.
LaTeX Font Info:    ... okay on input line 19.
LaTeX Font Info:    Checking defaults for T1/cmr/m/n on input line 19.
LaTeX Font Info:    ... okay on input line 19.
LaTeX Font Info:    Checking defaults for TS1/cmr/m/n on input line 19.
LaTeX Font Info:    ... okay on input line 19.
LaTeX Font Info:    Checking defaults for OMX/cmex/m/n on input line 19.
LaTeX Font Info:    ... okay on input line 19.
LaTeX Font Info:    Checking defaults for U/cmr/m/n on input line 19.
LaTeX Font Info:    ... okay on input line 19.
 (/usr/share/texlive/texmf-dist/tex/context/base/mkii/supp-pdf.mkii
[Loading MPS to PDF converter (version 2006.09.02).]
\scratchcounter=\count190
\scratchdimen=\dimen148
\scratchbox=\box48
\nofMPsegments=\count191
\nofMParguments=\count192
\everyMPshowfont=\toks23
\MPscratchCnt=\count193
\MPscratchDim=\dimen149
\MPnumerator=\count194
\makeMPintoPDFobject=\count195
\everyMPtoPDFconversion=\toks24
) (/usr/share/texlive/texmf-dist/tex/latex/epstopdf-pkg/epstopdf-base.sty
Package: epstopdf-base 2020-01-24 v2.11 Base part for package epstopdf
Package epstopdf-base Info: Redefining graphics rule for `.eps' on input line 485.
 (/usr/share/texlive/texmf-dist/tex/latex/latexconfig/epstopdf-sys.cfg
File: epstopdf-sys.cfg 2010/07/13 v1.3 Configuration of (r)epstopdf for TeX Live
))
LaTeX Font Info:    Trying to load font information for U+msa on input line 21.
 (/usr/share/texlive/texmf-dist/tex/latex/amsfonts/umsa.fd
File: umsa.fd 2013/01/14 v3.01 AMS symbols A
)
LaTeX Font Info:    Trying to load font information for U+msb on input line 21.
 (/usr/share/texlive/texmf-dist/tex/latex/amsfonts/umsb.fd
File: umsb.fd 2013/01/14 v3.01 AMS symbols B
) [1

{/var/lib/texmf/fonts/map/pdftex/updmap/pdftex.map}]
Overfull \hbox (1.39641pt too wide) in paragraph at lines 31--32
\OT1/cmr/m/n/14.4 na-tri-uretic pep-tide (BNP) and C-type na-tri-uretic pep-tide (CNP). Stud-
 []

[2


]
Overfull \hbox (0.38469pt too wide) in paragraph at lines 42--43
\OT1/cmr/m/n/14.4 the sar-coplas-mic retic-u-lum to a 126-amino-acid pro-hor-mone (proANP),
 []

[3]
<../../images/NP_structure.png, id=15, 881.2925pt x 685.56125pt>
File: ../../images/NP_structure.png Graphic file (type png)
<use ../../images/NP_structure.png>
Package pdftex.def Info: ../../images/NP_structure.png  used on input line 52.
(pdftex.def)             Requested size: 352.51076pt x 274.21964pt.
 [4 <../../images/NP_structure.png (PNG copy)>] [5]
<../../images/NP_causes.png, id=24, 1085.05376pt x 674.52pt>
File: ../../images/NP_causes.png Graphic file (type png)
<use ../../images/NP_causes.png>
Package pdftex.def Info: ../../images/NP_causes.png  used on input line 84.
(pdftex.def)             Requested size: 325.51863pt x 202.35756pt.
 [6 <../../images/NP_causes.png>]

Package natbib Warning: Citation `Yang2004' on page 7 undefined on input line 130.


Overfull \hbox (12.0245pt too wide) in paragraph at lines 130--131
\OT1/cmr/m/n/14.4 has a sig-nif-i-cantly longer half-life of around 20 min in hu-mans [Mukoyama
 []


Package natbib Warning: Citation `Omland2008' on page 7 undefined on input line 133.

[7] [8]
<../../images/NP_receptors.jpg, id=37, 308.352pt x 222.1098pt>
File: ../../images/NP_receptors.jpg Graphic file (type jpg)
<use ../../images/NP_receptors.jpg>
Package pdftex.def Info: ../../images/NP_receptors.jpg  used on input line 153.
(pdftex.def)             Requested size: 308.35124pt x 222.10925pt.
 [9 <../../images/NP_receptors.jpg>]
Overfull \hbox (1.54169pt too wide) in paragraph at lines 168--169
[]\OT1/cmr/m/n/14.4 NPR-A and/or its mRNA is ex-pressed in kid-ney, lung, adi-pose, adrenal,
 []

[10] [11] [12] [13] [14] [15]
./comp_lit.tex:226: Missing $ inserted.
<inserted text> 
                $
l.226 ...n of iNOS and COX-2 as well as TNF-\alpha
                                                   synthesis. ANP also affec...
I've inserted a begin-math/end-math symbol since I think
you left one out. Proceed, with fingers crossed.

./comp_lit.tex:227: Missing $ inserted.
<inserted text> 
                $
l.227 
      
I've inserted a begin-math/end-math symbol since I think
you left one out. Proceed, with fingers crossed.


Overfull \hbox (13.16718pt too wide) in paragraph at lines 226--227
\OT1/cmr/m/n/14.4 of iNOS and COX-2 as well as TNF-$\OML/cmm/m/it/14.4 synthesis:ANPalsoaffectsTNF \OMS/cmsy/m/n/14.4 ^^@
 []


Overfull \hbox (337.50998pt too wide) in paragraph at lines 226--227
\OML/cmm/m/it/14.4 action; i:e:itinterfereswiththeinflammatoryeffectsofTNF \OMS/cmsy/m/n/14.4 ^^@ \OML/cmm/m/it/14.4 ontheendothelium:ThepeptidehormonecounteractsTNF \OMS/cmsy/m/n/14.4 ^^@
 []


Overfull \hbox (1009.73538pt too wide) in paragraph at lines 226--227
\OML/cmm/m/it/14.4  \OMS/cmsy/m/n/14.4 ^^@ \OML/cmm/m/it/14.4 inducedendothelialpermeabilityandadhesionandattractionofinflammatorycells:Finally; itaffectsthymopoesisandTcellmaturationbyactingondendriticcellsandregulatesthebalancebetweenTH\OT1/cmr/m/n/14.4 1\OML/cmm/m/it/14.4 andTH\OT1/cmr/m/n/14.4 2\OML/cmm/m/it/14.4 responses\OT1/cmr/m/n/14.4 [[]\OML/cmm/m/it/14.4 ;  \OT1/cmr/m/n/14.4 2005]\OML/cmm/m/it/14.4 :$ 
 []

[16] [17] [18]
Overfull \hbox (0.90625pt too wide) in paragraph at lines 236--237
\OT1/cmr/m/n/14.4 gans (in-clud-ing kid-ney, en-docrine glands, liver, adi-pose tis-sue, immuno-
 []

[19] [20] [21] [22] [23] [24]
Overfull \hbox (6.39635pt too wide) in paragraph at lines 264--265
\OT1/cmr/m/n/14.4 24.11) and receptor-mediated cel-lu-lar up-take via NPR-C [Goetze, 2004a]
 []

[25]
Overfull \hbox (22.52092pt too wide) in paragraph at lines 269--270
\OT1/cmr/m/n/14.4 pressure-lowering, na-tri-uretic, di-uretic and/or kali-uretic prop-er-ties [Vesely,
 []

[26] [27] [28] [29] [30] [31]
Overfull \hbox (21.37619pt too wide) in paragraph at lines 301--302
\OT1/cmr/m/n/14.4 P450 metabo-lites, KC ions, anan-damide and hy-dro-gen per-ox-ide [Ahluwalia
 []

[32] [33]

Package natbib Warning: Citation `275' on page 34 undefined on input line 307.


Package natbib Warning: Citation `276' on page 34 undefined on input line 307.

[34] [35] [36] [37]
Overfull \hbox (11.2729pt too wide) in paragraph at lines 323--324
\OT1/cmr/m/n/14.4 ing the sym-pa-thetic ner-vous sys-tem, RAAS, the vaso pressin/antidiuretic
 []

[38]
Overfull \hbox (1.13626pt too wide) in paragraph at lines 337--338
[]\OT1/cmr/m/n/14.4 Meanwhile, oth-ers ac-knowl-edged the re-nal hy-pore-spon-sive-ness to anari-
 []

[39] [40]
Overfull \hbox (14.22272pt too wide) in paragraph at lines 347--349
\OT1/cmr/m/n/14.4 con-ges-tive heart fail-ure was ex-am-ined in a mul-ti-cen-ter, placebo-controlled
 []

[41] [42] [43]
<../../images/BNP_secretion.png, id=150, 951.555pt x 590.205pt>
File: ../../images/BNP_secretion.png Graphic file (type png)
<use ../../images/BNP_secretion.png>
Package pdftex.def Info: ../../images/BNP_secretion.png  used on input line 366.
(pdftex.def)             Requested size: 380.61525pt x 236.0778pt.
 [44 <../../images/BNP_secretion.png (PNG copy)>] [45]
<../../images/BNP_ER.png, id=157, 912.40875pt x 687.56876pt>
File: ../../images/BNP_ER.png Graphic file (type png)
<use ../../images/BNP_ER.png>
Package pdftex.def Info: ../../images/BNP_ER.png  used on input line 385.
(pdftex.def)             Requested size: 364.95703pt x 275.02263pt.
<../../images/NTBNP_ER.png, id=158, 874.26625pt x 701.62125pt>
File: ../../images/NTBNP_ER.png Graphic file (type png)
<use ../../images/NTBNP_ER.png>
Package pdftex.def Info: ../../images/NTBNP_ER.png  used on input line 392.
(pdftex.def)             Requested size: 349.7003pt x 280.64352pt.
 [46] [47 <../../images/BNP_ER.png (PNG copy)>] [48 <../../images/NTBNP_ER.png (PNG copy)>] [49] [50]
Overfull \hbox (13.91034pt too wide) in paragraph at lines 438--438
[]\OT1/cmr/bx/n/20.74 Clinical Con-sid-er-a-tions and Ap-pli-ca-tions
 []


Overfull \hbox (3.03783pt too wide) in paragraph at lines 439--439
[] \OT1/cmr/bx/n/17.28 Cir-cu-lat-ing Lev-els of Car-diac Na-tri-uretic Hor-
 []

[51] [52]
Overfull \hbox (18.99983pt too wide) in paragraph at lines 453--454
[]\OT1/cmr/m/n/14.4 All CNH de-rive from pre-pro-hormones (i.e., pre-proANP and preproBNP),
 []

[53]
Overfull \hbox (3.55806pt too wide) in paragraph at lines 457--458
\OT1/cmr/m/n/14.4 proBNP should be eas-ier be-cause their plasma con-cen-tra-tions are higher
 []

[54] [55] [56] [57]
Overfull \hbox (21.53284pt too wide) in paragraph at lines 490--491
\OT1/cmr/m/n/14.4 pair-ment in pa-tients with HF [Bold et al., 2001] [Clerico, 2002b] [Ruskoaho,
 []

[58]
Overfull \hbox (11.08945pt too wide) in paragraph at lines 500--502
\OT1/cmr/m/n/14.4 fac-tors, but also by the ac-tiv-ity of the counter-regulatory neuro-hormonal
 []

[59] [60] [61]

Package natbib Warning: Citation `bib384' on page 62 undefined on input line 519.

[62] [63]
./comp_lit.tex:537: Missing $ inserted.
<inserted text> 
                $
l.537 ... group of patients treated with the \beta
                                                  -blocker agent carvedilol,...
I've inserted a begin-math/end-math symbol since I think
you left one out. Proceed, with fingers crossed.

./comp_lit.tex:538: Missing $ inserted.
<inserted text> 
                $
l.538 
      
I've inserted a begin-math/end-math symbol since I think
you left one out. Proceed, with fingers crossed.


Overfull \hbox (425.46085pt too wide) in paragraph at lines 537--538
\OML/cmm/m/it/14.4 blockeragentcarvedilol; whorespondonaveragewithadecreaseofonly\OT1/cmr/m/n/14.4 38%\OML/cmm/m/it/14.4 inplasmaBNP; showedaclinicalimprovement\OT1/cmr/m/n/14.4 [[]\OML/cmm/m/it/14.4 ;  \OT1/cmr/m/n/14.4 2004]\OML/cmm/m/it/14.4 :$ 
 []

[64]
Overfull \hbox (3.29773pt too wide) in paragraph at lines 546--546
[] \OT1/cmr/bx/n/17.28 CNH As-say as Di-ag-nos-tic and Prog-nos-tic Tool
 []

[65] [66]
./comp_lit.tex:564: Undefined control sequence.
l.564 \strong
             {Mild Ventricular Systolic Dysfunction}
The control sequence at the end of the top line
of your error message was never \def'ed. If you have
misspelled it (e.g., `\hobx'), type `I' and the correct
spelling (e.g., `I\hbox'). Otherwise just continue,
and I'll forget about whatever was undefined.

[67] [68] [69] [70] [71]

Package natbib Warning: Citation `bib3144' on page 72 undefined on input line 616.

[72]

Package natbib Warning: Citation `bib3144' on page 73 undefined on input line 620.

[73]
Overfull \hbox (7.3929pt too wide) in paragraph at lines 632--632
[] \OT1/cmr/bx/n/14.4 Di-ag-nos-tic Ac-cu-racy of CNH As-say in Coro-nary Artery
 []

[74] [75] [76] [77] [78] [79] [80] [81] [82]
./comp_lit.tex:708: Missing $ inserted.
<inserted text> 
                $
l.708 ...(such as diuretics, ACE inhibitors, \beta
                                                  -blockers, and spironolact...
I've inserted a begin-math/end-math symbol since I think
you left one out. Proceed, with fingers crossed.

./comp_lit.tex:709: Missing $ inserted.
<inserted text> 
                $
l.709 
      
I've inserted a begin-math/end-math symbol since I think
you left one out. Proceed, with fingers crossed.


Overfull \hbox (941.26321pt too wide) in paragraph at lines 708--709
\OT1/cmr/m/n/14.4 drugs (such as di-uret-ics, ACE in-hibitors, $\OML/cmm/m/it/14.4 ^^L \OMS/cmsy/m/n/14.4 ^^@ \OML/cmm/m/it/14.4 blockers; andspironolactone\OT1/cmr/m/n/14.4 )\OML/cmm/m/it/14.4 followingtheevidencefromrandomizedclinicaltrials\OT1/cmr/m/n/14.4 [[]\OML/cmm/m/it/14.4 ;  \OT1/cmr/m/n/14.4 2002][[]\OML/cmm/m/it/14.4 ;  \OT1/cmr/m/n/14.4 2001][[]\OML/cmm/m/it/14.4 ;  \OT1/cmr/m/n/14.4 2001][[]\OML/cmm/m/it/14.4 ;  \OT1/cmr/m/n/14.4 2003]\OML/cmm/m/it/14.4 :Thereisnospecificsurrogateend \OMS/cmsy/m/n/14.4 ^^@
 []


Overfull \hbox (384.63896pt too wide) in paragraph at lines 708--709
\OML/cmm/m/it/14.4 pointfortreatingpatientswithHFthatcanbeusedtofine \OMS/cmsy/m/n/14.4 ^^@ \OML/cmm/m/it/14.4 tunetherapy\OT1/cmr/m/n/14.4 [[]\OML/cmm/m/it/14.4 ;  \OT1/cmr/m/n/14.4 2002][[]\OML/cmm/m/it/14.4 ;  \OT1/cmr/m/n/14.4 2001][[]\OML/cmm/m/it/14.4 ;  \OT1/cmr/m/n/14.4 2001][[]\OML/cmm/m/it/14.4 ;  \OT1/cmr/m/n/14.4 2003]\OML/cmm/m/it/14.4 :$ 
 []

[83]
./comp_lit.tex:714: Missing $ inserted.
<inserted text> 
                $
l.714 ...ve been reported after therapy with \beta
                                                  -blockers \citep{bib390} \...
I've inserted a begin-math/end-math symbol since I think
you left one out. Proceed, with fingers crossed.

./comp_lit.tex:715: Missing $ inserted.
<inserted text> 
                $
l.715 
      
I've inserted a begin-math/end-math symbol since I think
you left one out. Proceed, with fingers crossed.


Overfull \hbox (2948.4301pt too wide) in paragraph at lines 714--715
\OT1/cmr/m/n/14.4 ther-apy with $\OML/cmm/m/it/14.4 ^^L \OMS/cmsy/m/n/14.4 ^^@ \OML/cmm/m/it/14.4 blockers\OT1/cmr/m/n/14.4 [[]\OML/cmm/m/it/14.4 ;  \OT1/cmr/m/n/14.4 2004][[]\OML/cmm/m/it/14.4 ;  \OT1/cmr/m/n/14.4 1989][[]\OML/cmm/m/it/14.4 ;  \OT1/cmr/m/n/14.4 1991][[]\OML/cmm/m/it/14.4 ;  \OT1/cmr/m/n/14.4 1994][[]\OML/cmm/m/it/14.4 ;  \OT1/cmr/m/n/14.4 1995][[]\OML/cmm/m/it/14.4 ;  \OT1/cmr/m/n/14.4 1998][[]\OML/cmm/m/it/14.4 ;  \OT1/cmr/m/n/14.4 2000][[]\OML/cmm/m/it/14.4 ;  \OT1/cmr/m/n/14.4 2000][[]\OML/cmm/m/it/14.4 ;  \OT1/cmr/m/n/14.4 2001][[]\OML/cmm/m/it/14.4 ;  \OT1/cmr/m/n/14.4 2001][[]\OML/cmm/m/it/14.4 ;  \OT1/cmr/m/n/14.4 2002][[]\OML/cmm/m/it/14.4 ;  \OT1/cmr/m/n/14.4 2002][[]\OML/cmm/m/it/14.4 ;  \OT1/cmr/m/n/14.4 2003][[]\OML/cmm/m/it/14.4 ;  \OT1/cmr/m/n/14.4 2003][[]\OML/cmm/m/it/14.4 ;  \OT1/cmr/m/n/14.4 2003][[]\OML/cmm/m/it/14.4 ;  \OT1/cmr/m/n/14.4 2004]\OML/cmm/m/it/14.4 :Someauthorssuggestedthatthesevariableeffectsmaybeatleastinpartattributabletodifferentspe
cificitiesortoancillarypropertiesof^^L \OMS/cmsy/m/n/14.4 ^^@
 []


Overfull \hbox (1208.46176pt too wide) in paragraph at lines 714--715
\OML/cmm/m/it/14.4 blockers\OT1/cmr/m/n/14.4 [[]\OML/cmm/m/it/14.4 ;  \OT1/cmr/m/n/14.4 2002\OML/cmm/m/it/14.4 a\OT1/cmr/m/n/14.4 ]\OML/cmm/m/it/14.4 :Ohtaetal:\OT1/cmr/m/n/14.4 [[]\OML/cmm/m/it/14.4 ;  \OT1/cmr/m/n/14.4 2000]\OML/cmm/m/it/14.4 reportedthatbothhighandlowdosesofcarvedilolhavetheeffectofincreasingplasmaANPandBNPlevelsinrats:ThiseffectwascloselyrelatedtotheupregulationofANPandBNPmRNAexpression; andthedown \OMS/cmsy/m/n/14.4 ^^@
 []


Overfull \hbox (448.4205pt too wide) in paragraph at lines 714--715
\OML/cmm/m/it/14.4 regulationofNPR \OMS/cmsy/m/n/14.4 ^^@ \OML/cmm/m/it/14.4 CmRNAexpressionintheheart\OT1/cmr/m/n/14.4 [[]\OML/cmm/m/it/14.4 ;  \OT1/cmr/m/n/14.4 2000]\OML/cmm/m/it/14.4 :Accordingtothesedata; wecouldassumethatanacuteadministrationof^^L \OMS/cmsy/m/n/14.4 ^^@
 []


Overfull \hbox (1335.48686pt too wide) in paragraph at lines 714--715
\OML/cmm/m/it/14.4 blockerscausesanearlyriseinplasmaCNH; whilesustainedtreatment; significantlyimprovingcardiacfunctionandclinicalconditions; inducesasignificantfallinhormonelevels\OT1/cmr/m/n/14.4 [[]\OML/cmm/m/it/14.4 ;  \OT1/cmr/m/n/14.4 2004][[]\OML/cmm/m/it/14.4 ;  \OT1/cmr/m/n/14.4 2000][[]\OML/cmm/m/it/14.4 ;  \OT1/cmr/m/n/14.4 2002][[]\OML/cmm/m/it/14.4 ;  \OT1/cmr/m/n/14.4 2003][[]\OML/cmm/m/it/14.4 ;  \OT1/cmr/m/n/14.4 2003]\OML/cmm/m/it/14.4 :$ 
 []

[84]
./comp_lit.tex:723: Missing $ inserted.
<inserted text> 
                $
l.723 ...cal trial compared the titration of \beta
                                                  -blocker therapy with biso...
I've inserted a begin-math/end-math symbol since I think
you left one out. Proceed, with fingers crossed.

./comp_lit.tex:724: Missing $ inserted.
<inserted text> 
                $
l.724 
      
I've inserted a begin-math/end-math symbol since I think
you left one out. Proceed, with fingers crossed.


Overfull \hbox (683.91777pt too wide) in paragraph at lines 723--724
[]\OT1/cmr/m/n/14.4 A ran-dom-ized clin-i-cal trial com-pared the titra-tion of $\OML/cmm/m/it/14.4 ^^L \OMS/cmsy/m/n/14.4 ^^@ \OML/cmm/m/it/14.4 blockertherapywithbisoprololaccordingtoplasmalevelsofBNPwihempiricclinicaltherapybasedonsignsandsymptoms:Forty \OMS/cmsy/m/n/14.4 ^^@
 []


Overfull \hbox (118.60503pt too wide) in paragraph at lines 723--724
\OML/cmm/m/it/14.4 onepatientswithheartfailurewererandomizedintoaclinicaltrial:Theclinicalgrouphad^^L \OMS/cmsy/m/n/14.4 ^^@
 []


Overfull \hbox (65.22064pt too wide) in paragraph at lines 723--724
\OML/cmm/m/it/14.4 blockerdosageincreasedaccordingtostandardcare; whereastheBNPgrouphad^^L \OMS/cmsy/m/n/14.4 ^^@
 []


Overfull \hbox (241.70474pt too wide) in paragraph at lines 723--724
\OML/cmm/m/it/14.4 blockerdosageup \OMS/cmsy/m/n/14.4 ^^@ \OML/cmm/m/it/14.4 titratedaccordingtoplasmaBNPlevelsplusstandardcare:Theprimaryoutcomewasmean^^L \OMS/cmsy/m/n/14.4 ^^@
 []


Overfull \hbox (152.34047pt too wide) in paragraph at lines 723--724
\OML/cmm/m/it/14.4 blockerinambulatorypatientswithheartfailuredidnotresultsignificantlydifferentdosesof^^L \OMS/cmsy/m/n/14.4 ^^@
 []


Overfull \hbox (205.92676pt too wide) in paragraph at lines 723--724
\OML/cmm/m/it/14.4 blockerattheendof\OT1/cmr/m/n/14.4 3\OML/cmm/m/it/14.4 months:However; \OT1/cmr/m/n/14.4 45%\OML/cmm/m/it/14.4 ofpatientsintheclinicalgroupwereonthemaximumdoseof^^L \OMS/cmsy/m/n/14.4 ^^@
 []


Overfull \hbox (1676.81853pt too wide) in paragraph at lines 723--724
\OML/cmm/m/it/14.4 blockervs:only\OT1/cmr/m/n/14.4 19%\OML/cmm/m/it/14.4 ofpatientsintheBNPgroup; althoughleftventricularejectionfractionwassignificantlyimprovedinbothgroupsby\OT1/cmr/m/n/14.4 7\OML/cmm/m/it/14.4 :\OT1/cmr/m/n/14.4 3%\OML/cmm/m/it/14.4 :TheslightlylowerdosesintheBNPgroupwerepossiblybettertoleratedthanthedosesachievedintheclinicalgroup:Furthermore; atrendtowardbetterqualityoflifewasseenintheBNPgroup\OT1/cmr/m/n/14.4 [[]\OML/cmm/m/it/14.4 ;  \OT1/cmr/m/n/14.4 2005]\OML/cmm/m/it/14.4 :$ 
 []

[85]
Overfull \hbox (1.07907pt too wide) in paragraph at lines 737--738
\OT1/cmr/m/n/14.4 Nielsen et al. [Nielsen et al., 2003] sought to as-sess the cost-effectiveness
 []

[86] [87] (./comp_lit.bbl [88] [89] [90] [91] [92] [93] [94] [95] [96] [97] [98] [99] [100] [101] [102] [103] [104] [105] [106] [107] [108] [109]
Underfull \hbox (badness 1173) in paragraph at lines 1230--1236
\OT1/cmr/m/n/14.4 independent car-diac hy-per-tro-phy in mice with cardiomyocyte-
 []

[110] [111] [112] [113]
Underfull \hbox (badness 3471) in paragraph at lines 1472--1475
[]\OT1/cmr/m/n/14.4 Kiemer, Lehner, Har-tung, and Voll-mar AM.  In-hi-bi-tion of
 []

[114] [115] [116] [117]
Underfull \hbox (badness 1248) in paragraph at lines 1705--1711
[]\OT1/cmr/m/n/14.4 TH Lan-genickel, J Buttgereit, I Pagel-Langenickel, M Lind-ner,
 []

[118] [119] [120] [121] [122] [123] [124]
Underfull \hbox (badness 1859) in paragraph at lines 2071--2076
[]\OT1/cmr/m/n/14.4 P Mof-fatt, G Thomas, K Sellin, MC Bes-sette, F Lafre-niere,
 []

[125] [126] [127] [128] [129] [130] [131] [132] [133] [134] [135] [136] [137] [138] [139] [140] [141] [142] [143] [144] [145] [146] [147] [148] [149] [150] [151] [152] [153])

Package natbib Warning: There were undefined citations.

[154] (./comp_lit.aux) ) 
Here is how much of TeX's memory you used:
 4542 strings out of 482419
 63651 string characters out of 5948008
 308166 words of memory out of 5000000
 20293 multiletter control sequences out of 15000+600000
 540235 words of font info for 54 fonts, out of 8000000 for 9000
 14 hyphenation exceptions out of 8191
 30i,6n,27p,1844b,1326s stack positions out of 5000i,500n,10000p,200000b,80000s
 </home/ibrahim/.texlive2020/texmf-var/fonts/pk/ljfour/jknappen/ec/tcrm1440.600pk></usr/share/texlive/texmf-dist/fonts/type1/public/amsfonts/cm/cmbx12.pfb></usr/share/texlive/texmf-dist/fonts/type1/public/amsfonts/cm/cmmi12.pfb></usr/share/texlive/texmf-dist/fonts/type1/public/amsfonts/cm/cmr12.pfb></usr/share/texlive/texmf-dist/fonts/type1/public/amsfonts/cm/cmr17.pfb></usr/share/texlive/texmf-dist/fonts/type1/public/amsfonts/cm/cmsy10.pfb></usr/share/texlive/texmf-dist/fonts/type1/public/amsfonts/cm/cmti12.pfb>
Output written on comp_lit.pdf (154 pages, 1226235 bytes).
PDF statistics:
 538 PDF objects out of 1000 (max. 8388607)
 364 compressed objects within 4 object streams
 0 named destinations out of 1000 (max. 500000)
 31 words of extra memory for PDF output out of 10000 (max. 10000000)

